{"/Users/margauxpadiwan/nodejs-foundations/module-9/math.js": {"path":"/Users/margauxpadiwan/nodejs-foundations/module-9/math.js","statementMap":{"0":{"start":{"line":3,"column":2},"end":{"line":3,"column":15}},"1":{"start":{"line":7,"column":2},"end":{"line":7,"column":56}},"2":{"start":{"line":7,"column":15},"end":{"line":7,"column":56}},"3":{"start":{"line":8,"column":2},"end":{"line":8,"column":15}},"4":{"start":{"line":12,"column":2},"end":{"line":12,"column":21}},"5":{"start":{"line":15,"column":0},"end":{"line":15,"column":41}}},"fnMap":{"0":{"name":"add","decl":{"start":{"line":2,"column":9},"end":{"line":2,"column":12}},"loc":{"start":{"line":2,"column":19},"end":{"line":4,"column":1}},"line":2},"1":{"name":"divide","decl":{"start":{"line":6,"column":9},"end":{"line":6,"column":15}},"loc":{"start":{"line":6,"column":22},"end":{"line":9,"column":1}},"line":6},"2":{"name":"isEven","decl":{"start":{"line":11,"column":9},"end":{"line":11,"column":15}},"loc":{"start":{"line":11,"column":19},"end":{"line":13,"column":1}},"line":11}},"branchMap":{"0":{"loc":{"start":{"line":7,"column":2},"end":{"line":7,"column":56}},"type":"if","locations":[{"start":{"line":7,"column":2},"end":{"line":7,"column":56}},{"start":{},"end":{}}],"line":7}},"s":{"0":3,"1":2,"2":1,"3":1,"4":2,"5":1},"f":{"0":3,"1":2,"2":2},"b":{"0":[1,1]},"_coverageSchema":"1a1c01bbd47fc00a2c39e90264f33305004495a9","hash":"6fddfd93911f25b43090022466a9d1835f0c04c4"}
,"/Users/margauxpadiwan/nodejs-foundations/module-9/string-utils.js": {"path":"/Users/margauxpadiwan/nodejs-foundations/module-9/string-utils.js","statementMap":{"0":{"start":{"line":2,"column":2},"end":{"line":2,"column":22}},"1":{"start":{"line":2,"column":12},"end":{"line":2,"column":22}},"2":{"start":{"line":3,"column":2},"end":{"line":3,"column":52}},"3":{"start":{"line":7,"column":2},"end":{"line":7,"column":22}},"4":{"start":{"line":7,"column":12},"end":{"line":7,"column":22}},"5":{"start":{"line":8,"column":2},"end":{"line":8,"column":42}},"6":{"start":{"line":12,"column":2},"end":{"line":12,"column":21}},"7":{"start":{"line":12,"column":12},"end":{"line":12,"column":21}},"8":{"start":{"line":13,"column":2},"end":{"line":13,"column":40}},"9":{"start":{"line":17,"column":2},"end":{"line":17,"column":25}},"10":{"start":{"line":17,"column":12},"end":{"line":17,"column":25}},"11":{"start":{"line":18,"column":21},"end":{"line":18,"column":49}},"12":{"start":{"line":19,"column":2},"end":{"line":19,"column":30}},"13":{"start":{"line":22,"column":0},"end":{"line":22,"column":62}}},"fnMap":{"0":{"name":"capitalize","decl":{"start":{"line":1,"column":9},"end":{"line":1,"column":19}},"loc":{"start":{"line":1,"column":25},"end":{"line":4,"column":1}},"line":1},"1":{"name":"reverse","decl":{"start":{"line":6,"column":9},"end":{"line":6,"column":16}},"loc":{"start":{"line":6,"column":22},"end":{"line":9,"column":1}},"line":6},"2":{"name":"countWords","decl":{"start":{"line":11,"column":9},"end":{"line":11,"column":19}},"loc":{"start":{"line":11,"column":25},"end":{"line":14,"column":1}},"line":11},"3":{"name":"isEmail","decl":{"start":{"line":16,"column":9},"end":{"line":16,"column":16}},"loc":{"start":{"line":16,"column":22},"end":{"line":20,"column":1}},"line":16}},"branchMap":{"0":{"loc":{"start":{"line":2,"column":2},"end":{"line":2,"column":22}},"type":"if","locations":[{"start":{"line":2,"column":2},"end":{"line":2,"column":22}},{"start":{},"end":{}}],"line":2},"1":{"loc":{"start":{"line":7,"column":2},"end":{"line":7,"column":22}},"type":"if","locations":[{"start":{"line":7,"column":2},"end":{"line":7,"column":22}},{"start":{},"end":{}}],"line":7},"2":{"loc":{"start":{"line":12,"column":2},"end":{"line":12,"column":21}},"type":"if","locations":[{"start":{"line":12,"column":2},"end":{"line":12,"column":21}},{"start":{},"end":{}}],"line":12},"3":{"loc":{"start":{"line":17,"column":2},"end":{"line":17,"column":25}},"type":"if","locations":[{"start":{"line":17,"column":2},"end":{"line":17,"column":25}},{"start":{},"end":{}}],"line":17}},"s":{"0":2,"1":1,"2":1,"3":2,"4":1,"5":1,"6":2,"7":1,"8":1,"9":2,"10":0,"11":2,"12":2,"13":1},"f":{"0":2,"1":2,"2":2,"3":2},"b":{"0":[1,1],"1":[1,1],"2":[1,1],"3":[0,2]},"_coverageSchema":"1a1c01bbd47fc00a2c39e90264f33305004495a9","hash":"10ad7807ca4fef71655b3b8e877ccb39fdc5c402"}
,"/Users/margauxpadiwan/nodejs-foundations/module-9/tasks-app.js": {"path":"/Users/margauxpadiwan/nodejs-foundations/module-9/tasks-app.js","statementMap":{"0":{"start":{"line":13,"column":16},"end":{"line":13,"column":34}},"1":{"start":{"line":16,"column":14},"end":{"line":16,"column":23}},"2":{"start":{"line":17,"column":2},"end":{"line":17,"column":26}},"3":{"start":{"line":19,"column":14},"end":{"line":19,"column":16}},"4":{"start":{"line":20,"column":15},"end":{"line":20,"column":16}},"5":{"start":{"line":22,"column":2},"end":{"line":24,"column":5}},"6":{"start":{"line":23,"column":4},"end":{"line":23,"column":20}},"7":{"start":{"line":26,"column":2},"end":{"line":30,"column":5}},"8":{"start":{"line":27,"column":17},"end":{"line":27,"column":66}},"9":{"start":{"line":27,"column":33},"end":{"line":27,"column":65}},"10":{"start":{"line":28,"column":4},"end":{"line":28,"column":67}},"11":{"start":{"line":28,"column":15},"end":{"line":28,"column":67}},"12":{"start":{"line":29,"column":4},"end":{"line":29,"column":19}},"13":{"start":{"line":32,"column":2},"end":{"line":38,"column":5}},"14":{"start":{"line":33,"column":22},"end":{"line":33,"column":30}},"15":{"start":{"line":34,"column":4},"end":{"line":34,"column":76}},"16":{"start":{"line":34,"column":16},"end":{"line":34,"column":76}},"17":{"start":{"line":35,"column":17},"end":{"line":35,"column":53}},"18":{"start":{"line":36,"column":4},"end":{"line":36,"column":21}},"19":{"start":{"line":37,"column":4},"end":{"line":37,"column":31}},"20":{"start":{"line":40,"column":2},"end":{"line":45,"column":5}},"21":{"start":{"line":41,"column":16},"end":{"line":41,"column":70}},"22":{"start":{"line":41,"column":37},"end":{"line":41,"column":69}},"23":{"start":{"line":42,"column":4},"end":{"line":42,"column":72}},"24":{"start":{"line":42,"column":20},"end":{"line":42,"column":72}},"25":{"start":{"line":43,"column":4},"end":{"line":43,"column":25}},"26":{"start":{"line":44,"column":4},"end":{"line":44,"column":27}},"27":{"start":{"line":47,"column":2},"end":{"line":54,"column":5}},"28":{"start":{"line":48,"column":17},"end":{"line":48,"column":66}},"29":{"start":{"line":48,"column":33},"end":{"line":48,"column":65}},"30":{"start":{"line":49,"column":4},"end":{"line":49,"column":67}},"31":{"start":{"line":49,"column":15},"end":{"line":49,"column":67}},"32":{"start":{"line":50,"column":28},"end":{"line":50,"column":36}},"33":{"start":{"line":51,"column":4},"end":{"line":51,"column":48}},"34":{"start":{"line":51,"column":29},"end":{"line":51,"column":48}},"35":{"start":{"line":52,"column":4},"end":{"line":52,"column":45}},"36":{"start":{"line":52,"column":28},"end":{"line":52,"column":45}},"37":{"start":{"line":53,"column":4},"end":{"line":53,"column":19}},"38":{"start":{"line":56,"column":2},"end":{"line":56,"column":13}},"39":{"start":{"line":59,"column":0},"end":{"line":59,"column":27}}},"fnMap":{"0":{"name":"createApp","decl":{"start":{"line":15,"column":9},"end":{"line":15,"column":18}},"loc":{"start":{"line":15,"column":21},"end":{"line":57,"column":1}},"line":15},"1":{"name":"(anonymous_1)","decl":{"start":{"line":22,"column":20},"end":{"line":22,"column":21}},"loc":{"start":{"line":22,"column":34},"end":{"line":24,"column":3}},"line":22},"2":{"name":"(anonymous_2)","decl":{"start":{"line":26,"column":24},"end":{"line":26,"column":25}},"loc":{"start":{"line":26,"column":38},"end":{"line":30,"column":3}},"line":26},"3":{"name":"(anonymous_3)","decl":{"start":{"line":27,"column":28},"end":{"line":27,"column":29}},"loc":{"start":{"line":27,"column":33},"end":{"line":27,"column":65}},"line":27},"4":{"name":"(anonymous_4)","decl":{"start":{"line":32,"column":21},"end":{"line":32,"column":22}},"loc":{"start":{"line":32,"column":35},"end":{"line":38,"column":3}},"line":32},"5":{"name":"(anonymous_5)","decl":{"start":{"line":40,"column":27},"end":{"line":40,"column":28}},"loc":{"start":{"line":40,"column":41},"end":{"line":45,"column":3}},"line":40},"6":{"name":"(anonymous_6)","decl":{"start":{"line":41,"column":32},"end":{"line":41,"column":33}},"loc":{"start":{"line":41,"column":37},"end":{"line":41,"column":69}},"line":41},"7":{"name":"(anonymous_7)","decl":{"start":{"line":47,"column":24},"end":{"line":47,"column":25}},"loc":{"start":{"line":47,"column":38},"end":{"line":54,"column":3}},"line":47},"8":{"name":"(anonymous_8)","decl":{"start":{"line":48,"column":28},"end":{"line":48,"column":29}},"loc":{"start":{"line":48,"column":33},"end":{"line":48,"column":65}},"line":48}},"branchMap":{"0":{"loc":{"start":{"line":28,"column":4},"end":{"line":28,"column":67}},"type":"if","locations":[{"start":{"line":28,"column":4},"end":{"line":28,"column":67}},{"start":{},"end":{}}],"line":28},"1":{"loc":{"start":{"line":34,"column":4},"end":{"line":34,"column":76}},"type":"if","locations":[{"start":{"line":34,"column":4},"end":{"line":34,"column":76}},{"start":{},"end":{}}],"line":34},"2":{"loc":{"start":{"line":42,"column":4},"end":{"line":42,"column":72}},"type":"if","locations":[{"start":{"line":42,"column":4},"end":{"line":42,"column":72}},{"start":{},"end":{}}],"line":42},"3":{"loc":{"start":{"line":49,"column":4},"end":{"line":49,"column":67}},"type":"if","locations":[{"start":{"line":49,"column":4},"end":{"line":49,"column":67}},{"start":{},"end":{}}],"line":49},"4":{"loc":{"start":{"line":51,"column":4},"end":{"line":51,"column":48}},"type":"if","locations":[{"start":{"line":51,"column":4},"end":{"line":51,"column":48}},{"start":{},"end":{}}],"line":51},"5":{"loc":{"start":{"line":52,"column":4},"end":{"line":52,"column":45}},"type":"if","locations":[{"start":{"line":52,"column":4},"end":{"line":52,"column":45}},{"start":{},"end":{}}],"line":52}},"s":{"0":1,"1":10,"2":10,"3":10,"4":10,"5":10,"6":2,"7":10,"8":2,"9":1,"10":2,"11":1,"12":1,"13":10,"14":6,"15":6,"16":1,"17":5,"18":5,"19":5,"20":10,"21":2,"22":1,"23":2,"24":1,"25":1,"26":1,"27":10,"28":3,"29":2,"30":3,"31":1,"32":2,"33":2,"34":1,"35":2,"36":1,"37":2,"38":10,"39":1},"f":{"0":10,"1":2,"2":2,"3":1,"4":6,"5":2,"6":1,"7":3,"8":2},"b":{"0":[1,1],"1":[1,5],"2":[1,1],"3":[1,2],"4":[1,1],"5":[1,1]},"_coverageSchema":"1a1c01bbd47fc00a2c39e90264f33305004495a9","hash":"9972cf193e2aef48f175d3e4d536e627821d562d"}
}
