TN:
SF:math.js
FN:2,add
FN:6,divide
FN:11,isEven
FNF:3
FNH:3
FNDA:3,add
FNDA:2,divide
FNDA:2,isEven
DA:3,3
DA:7,2
DA:8,1
DA:12,2
DA:15,1
LF:5
LH:5
BRDA:7,0,0,1
BRDA:7,0,1,1
BRF:2
BRH:2
end_of_record
TN:
SF:string-utils.js
FN:1,capitalize
FN:6,reverse
FN:11,countWords
FN:16,isEmail
FNF:4
FNH:4
FNDA:2,capitalize
FNDA:2,reverse
FNDA:2,countWords
FNDA:2,isEmail
DA:2,2
DA:3,1
DA:7,2
DA:8,1
DA:12,2
DA:13,1
DA:17,2
DA:18,2
DA:19,2
DA:22,1
LF:10
LH:10
BRDA:2,0,0,1
BRDA:2,0,1,1
BRDA:7,1,0,1
BRDA:7,1,1,1
BRDA:12,2,0,1
BRDA:12,2,1,1
BRDA:17,3,0,0
BRDA:17,3,1,2
BRF:8
BRH:7
end_of_record
TN:
SF:tasks-app.js
FN:15,createApp
FN:22,(anonymous_1)
FN:26,(anonymous_2)
FN:27,(anonymous_3)
FN:32,(anonymous_4)
FN:40,(anonymous_5)
FN:41,(anonymous_6)
FN:47,(anonymous_7)
FN:48,(anonymous_8)
FNF:9
FNH:9
FNDA:10,createApp
FNDA:2,(anonymous_1)
FNDA:2,(anonymous_2)
FNDA:1,(anonymous_3)
FNDA:6,(anonymous_4)
FNDA:2,(anonymous_5)
FNDA:1,(anonymous_6)
FNDA:3,(anonymous_7)
FNDA:2,(anonymous_8)
DA:13,1
DA:16,10
DA:17,10
DA:19,10
DA:20,10
DA:22,10
DA:23,2
DA:26,10
DA:27,2
DA:28,2
DA:29,1
DA:32,10
DA:33,6
DA:34,6
DA:35,5
DA:36,5
DA:37,5
DA:40,10
DA:41,2
DA:42,2
DA:43,1
DA:44,1
DA:47,10
DA:48,3
DA:49,3
DA:50,2
DA:51,2
DA:52,2
DA:53,2
DA:56,10
DA:59,1
LF:31
LH:31
BRDA:28,0,0,1
BRDA:28,0,1,1
BRDA:34,1,0,1
BRDA:34,1,1,5
BRDA:42,2,0,1
BRDA:42,2,1,1
BRDA:49,3,0,1
BRDA:49,3,1,2
BRDA:51,4,0,1
BRDA:51,4,1,1
BRDA:52,5,0,1
BRDA:52,5,1,1
BRF:12
BRH:12
end_of_record
